<?xml version="1.0" encoding="UTF-8"?>
<!-- Generated by org.testng.reporters.JUnitXMLReporter -->
<testsuite ignored="0" hostname="LAPTOP-6M3UTKS9" failures="1" tests="2" name="Test" time="11.547" errors="0" timestamp="18 Jul 2023 10:21:03 GMT">
  <testcase classname="S2practice.registration" name="register_Webshop" time="7.019"/>
  <testcase classname="S2practice.registration" name="register_Webshop" time="7.043">
    <failure type="java.lang.NullPointerException" message="Cannot invoke &amp;quot;org.openqa.selenium.TakesScreenshot.getScreenshotAs(org.openqa.selenium.OutputType)&amp;quot; because &amp;quot;ts&amp;quot; is null">
      <![CDATA[java.lang.NullPointerException: Cannot invoke "org.openqa.selenium.TakesScreenshot.getScreenshotAs(org.openqa.selenium.OutputType)" because "ts" is null
at S2practice.screenshotUtility.screenshot(screenshotUtility.java:15)
at S2practice.iTest.onTestSuccess(iTest.java:71)
at java.base/java.util.concurrent.ThreadPoolExecutor.runWorker(ThreadPoolExecutor.java:1130)
at java.base/java.util.concurrent.ThreadPoolExecutor$Worker.run(ThreadPoolExecutor.java:630)
at java.base/java.lang.Thread.run(Thread.java:832)
... Removed 7 stack frames]]>
    </failure>
  </testcase> <!-- register_Webshop -->
</testsuite> <!-- Test -->
