<?xml version="1.0" encoding="UTF-8"?>
<testng-results ignored="0" total="1" passed="0" failed="1" skipped="0">
  <reporter-output>
  </reporter-output>
  <suite started-at="2023-07-18T10:20:51Z" name="RegressionTest" finished-at="2023-07-18T10:21:03Z" duration-ms="11547">
    <groups>
    </groups>
    <test started-at="2023-07-18T10:20:51Z" name="Test" finished-at="2023-07-18T10:21:03Z" duration-ms="11547">
      <class name="S2practice.registration">
        <test-method is-config="true" signature="beforeTest()[pri:0, instance:S2practice.registration@3ffcd140]" started-at="2023-07-18T10:20:51Z" name="beforeTest" finished-at="2023-07-18T10:20:55Z" duration-ms="4065" status="PASS">
          <reporter-output>
          </reporter-output>
        </test-method> <!-- beforeTest -->
        <test-method signature="register_Webshop(java.util.Map)[pri:0, instance:S2practice.registration@3ffcd140]" started-at="2023-07-18T10:20:55Z" name="register_Webshop" data-provider="getdata" finished-at="2023-07-18T10:21:03Z" duration-ms="7043" status="FAIL">
          <exception class="java.lang.NullPointerException">
            <message>
              <![CDATA[Cannot invoke "org.openqa.selenium.TakesScreenshot.getScreenshotAs(org.openqa.selenium.OutputType)" because "ts" is null]]>
            </message>
            <full-stacktrace>
              <![CDATA[java.lang.NullPointerException: Cannot invoke "org.openqa.selenium.TakesScreenshot.getScreenshotAs(org.openqa.selenium.OutputType)" because "ts" is null
at S2practice.screenshotUtility.screenshot(screenshotUtility.java:15)
at S2practice.iTest.onTestSuccess(iTest.java:71)
at org.testng.internal.TestListenerHelper.runTestListeners(TestListenerHelper.java:70)
at org.testng.internal.Invoker.runTestListeners(Invoker.java:1389)
at org.testng.internal.Invoker.invokeMethod(Invoker.java:636)
at org.testng.internal.Invoker.invokeTestMethod(Invoker.java:719)
at org.testng.internal.Invoker.invokeTestMethods(Invoker.java:989)
at org.testng.internal.TestMethodWorker.invokeTestMethods(TestMethodWorker.java:125)
at org.testng.internal.TestMethodWorker.run(TestMethodWorker.java:109)
at java.base/java.util.concurrent.ThreadPoolExecutor.runWorker(ThreadPoolExecutor.java:1130)
at java.base/java.util.concurrent.ThreadPoolExecutor$Worker.run(ThreadPoolExecutor.java:630)
at java.base/java.lang.Thread.run(Thread.java:832)
]]>
            </full-stacktrace>
          </exception> <!-- java.lang.NullPointerException -->
          <reporter-output>
          </reporter-output>
        </test-method> <!-- register_Webshop -->
        <test-method is-config="true" signature="afterTest()[pri:0, instance:S2practice.registration@3ffcd140]" started-at="2023-07-18T10:21:03Z" name="afterTest" finished-at="2023-07-18T10:21:03Z" duration-ms="153" status="PASS">
          <reporter-output>
          </reporter-output>
        </test-method> <!-- afterTest -->
      </class> <!-- S2practice.registration -->
    </test> <!-- Test -->
  </suite> <!-- RegressionTest -->
</testng-results>
